<?xml version="1.0" encoding="UTF-8"?>
<testng-results skipped="0" failed="0" ignored="0" total="1" passed="1">
  <reporter-output>
  </reporter-output>
  <suite name="Suite" duration-ms="65817" started-at="2019-04-25T14:08:27Z" finished-at="2019-04-25T14:09:33Z">
    <groups>
    </groups>
    <test name="FirefoxTest" duration-ms="65817" started-at="2019-04-25T14:08:27Z" finished-at="2019-04-25T14:09:33Z">
      <class name="com.Visionart.negativetestcase.MyAccount">
        <test-method status="PASS" signature="elementInitialization()[pri:0, instance:com.Visionart.negativetestcase.MyAccount@6aceb1a5]" name="elementInitialization" is-config="true" duration-ms="433" started-at="2019-04-25T14:08:27Z" finished-at="2019-04-25T14:08:27Z">
          <reporter-output>
          </reporter-output>
        </test-method> <!-- elementInitialization -->
        <test-method status="PASS" signature="order(java.lang.String)[pri:0, instance:com.Visionart.negativetestcase.MyAccount@6aceb1a5]" name="order" duration-ms="64972" started-at="2019-04-25T14:08:27Z" finished-at="2019-04-25T14:09:32Z">
          <params>
            <param index="0">
              <value>
                <![CDATA[firefox]]>
              </value>
            </param>
          </params>
          <reporter-output>
          </reporter-output>
        </test-method> <!-- order -->
        <test-method status="PASS" signature="finalD()[pri:0, instance:com.Visionart.negativetestcase.MyAccount@6aceb1a5]" name="finalD" is-config="true" duration-ms="391" started-at="2019-04-25T14:09:32Z" finished-at="2019-04-25T14:09:33Z">
          <reporter-output>
          </reporter-output>
        </test-method> <!-- finalD -->
      </class> <!-- com.Visionart.negativetestcase.MyAccount -->
    </test> <!-- FirefoxTest -->
  </suite> <!-- Suite -->
</testng-results>
